
Lmod is automatically replacing "intel/19.0.4" with "gcc/7.4.0".

NOTE: This module uses Singularity. Some commands execute inside the container
(e.g. python3, pip3).


Inactive Modules:
  1) intel-mkl/2019.0.4


Currently Loaded Modules:
  1) StdEnv   2) gcc/7.4.0   3) tensorflow/2.8

Inactive Modules:
  1) intel-mkl/2019.0.4

 

python3 $*
+ python3 vgg16.py
2022-08-03 17:02:12.103070: I tensorflow/core/platform/cpu_feature_guard.cc:151] This TensorFlow binary is optimized with oneAPI Deep Neural Network Library (oneDNN) to use the following CPU instructions in performance-critical operations:  AVX2 AVX512F FMA
To enable them in other operations, rebuild TensorFlow with the appropriate compiler flags.
2022-08-03 17:02:14.785179: I tensorflow/core/common_runtime/gpu/gpu_device.cc:1525] Created device /job:localhost/replica:0/task:0/device:GPU:0 with 30990 MB memory:  -> device: 0, name: Tesla V100-SXM2-32GB, pci bus id: 0000:8a:00.0, compute capability: 7.0
Using Tensorflow version: 2.8.0, and Keras version: 2.8.0.
Found 25000 images.
Tensor("args_0:0", shape=(), dtype=string)
Tensor("args_0:0", shape=(), dtype=string)
Using "VGG11_model" pre-trained model with 23 layers
Model: "VGG16_model"
_________________________________________________________________
 Layer (type)                Output Shape              Param #   
=================================================================
 input_1 (InputLayer)        [(None, 224, 224, 3)]     0         
                                                                 
 rescaling (Rescaling)       (None, 224, 224, 3)       0         
                                                                 
 random_crop (RandomCrop)    (None, 224, 224, 3)       0         
                                                                 
 random_flip (RandomFlip)    (None, 224, 224, 3)       0         
                                                                 
 conv2d (Conv2D)             (None, 222, 222, 64)      1792      
                                                                 
 conv2d_1 (Conv2D)           (None, 220, 220, 64)      36928     
                                                                 
 max_pooling2d (MaxPooling2D  (None, 110, 110, 64)     0         
 )                                                               
                                                                 
 conv2d_2 (Conv2D)           (None, 108, 108, 128)     73856     
                                                                 
 conv2d_3 (Conv2D)           (None, 106, 106, 128)     147584    
                                                                 
 max_pooling2d_1 (MaxPooling  (None, 53, 53, 128)      0         
 2D)                                                             
                                                                 
 conv2d_4 (Conv2D)           (None, 51, 51, 256)       295168    
                                                                 
 conv2d_5 (Conv2D)           (None, 49, 49, 256)       590080    
                                                                 
 conv2d_6 (Conv2D)           (None, 49, 49, 256)       65792     
                                                                 
 max_pooling2d_2 (MaxPooling  (None, 24, 24, 256)      0         
 2D)                                                             
                                                                 
 conv2d_7 (Conv2D)           (None, 22, 22, 512)       1180160   
                                                                 
 conv2d_8 (Conv2D)           (None, 20, 20, 512)       2359808   
                                                                 
 conv2d_9 (Conv2D)           (None, 20, 20, 512)       262656    
                                                                 
 max_pooling2d_3 (MaxPooling  (None, 10, 10, 512)      0         
 2D)                                                             
                                                                 
 conv2d_10 (Conv2D)          (None, 8, 8, 512)         2359808   
                                                                 
 conv2d_11 (Conv2D)          (None, 6, 6, 512)         2359808   
                                                                 
 conv2d_12 (Conv2D)          (None, 6, 6, 512)         262656    
                                                                 
 max_pooling2d_4 (MaxPooling  (None, 3, 3, 512)        0         
 2D)                                                             
                                                                 
 flatten (Flatten)           (None, 4608)              0         
                                                                 
 dense (Dense)               (None, 4096)              18878464  
                                                                 
 dropout (Dropout)           (None, 4096)              0         
                                                                 
 dense_1 (Dense)             (None, 4096)              16781312  
                                                                 
 dropout_1 (Dropout)         (None, 4096)              0         
                                                                 
 dense_2 (Dense)             (None, 1)                 4097      
                                                                 
=================================================================
Total params: 45,659,969
Trainable params: 45,659,969
Non-trainable params: 0
_________________________________________________________________
None
TensorBoard log directory:  /scratch/project_2006142/logs/cats-or-dogsVGG16_model-reuse-2022-08-03_17-02-18
Epoch 1/100
2022-08-03 17:02:19.531044: W tensorflow/core/grappler/optimizers/loop_optimizer.cc:907] Skipping loop optimization for Merge node with control input: VGG16_model/random_crop/cond/branch_executed/_10
2022-08-03 17:02:29.669611: I tensorflow/core/kernels/data/shuffle_dataset_op.cc:390] Filling up shuffle buffer (this may take a while): 2222 of 25000
2022-08-03 17:02:39.656470: I tensorflow/core/kernels/data/shuffle_dataset_op.cc:390] Filling up shuffle buffer (this may take a while): 4267 of 25000
2022-08-03 17:02:49.673793: I tensorflow/core/kernels/data/shuffle_dataset_op.cc:390] Filling up shuffle buffer (this may take a while): 6726 of 25000
2022-08-03 17:02:59.656757: I tensorflow/core/kernels/data/shuffle_dataset_op.cc:390] Filling up shuffle buffer (this may take a while): 8947 of 25000
2022-08-03 17:03:09.664468: I tensorflow/core/kernels/data/shuffle_dataset_op.cc:390] Filling up shuffle buffer (this may take a while): 11408 of 25000
2022-08-03 17:03:19.728201: I tensorflow/core/kernels/data/shuffle_dataset_op.cc:390] Filling up shuffle buffer (this may take a while): 14110 of 25000
2022-08-03 17:03:29.671462: I tensorflow/core/kernels/data/shuffle_dataset_op.cc:390] Filling up shuffle buffer (this may take a while): 16763 of 25000
2022-08-03 17:03:39.669375: I tensorflow/core/kernels/data/shuffle_dataset_op.cc:390] Filling up shuffle buffer (this may take a while): 18149 of 25000
2022-08-03 17:03:49.688753: I tensorflow/core/kernels/data/shuffle_dataset_op.cc:390] Filling up shuffle buffer (this may take a while): 18909 of 25000
2022-08-03 17:03:59.687031: I tensorflow/core/kernels/data/shuffle_dataset_op.cc:390] Filling up shuffle buffer (this may take a while): 19750 of 25000
2022-08-03 17:04:01.509914: I tensorflow/core/kernels/data/shuffle_dataset_op.cc:415] Shuffle buffer filled.
2022-08-03 17:04:03.768645: I tensorflow/stream_executor/cuda/cuda_dnn.cc:368] Loaded cuDNN version 8201
2022-08-03 17:05:32.610058: W tensorflow/core/grappler/optimizers/loop_optimizer.cc:907] Skipping loop optimization for Merge node with control input: VGG16_model/random_crop/cond/branch_executed/_10
2022-08-03 17:05:42.731811: I tensorflow/core/kernels/data/shuffle_dataset_op.cc:390] Filling up shuffle buffer (this may take a while): 1397 of 25000
2022-08-03 17:05:52.671058: I tensorflow/core/kernels/data/shuffle_dataset_op.cc:390] Filling up shuffle buffer (this may take a while): 3096 of 25000
2022-08-03 17:06:02.651508: I tensorflow/core/kernels/data/shuffle_dataset_op.cc:390] Filling up shuffle buffer (this may take a while): 4643 of 25000
2022-08-03 17:06:04.902033: I tensorflow/core/kernels/data/shuffle_dataset_op.cc:415] Shuffle buffer filled.
78/78 - 232s - loss: 0.7158 - accuracy: 0.5150 - val_loss: 0.6975 - val_accuracy: 0.5138 - lr: 0.0100 - 232s/epoch - 3s/step
Epoch 2/100
2022-08-03 17:06:20.912937: I tensorflow/core/kernels/data/shuffle_dataset_op.cc:390] Filling up shuffle buffer (this may take a while): 1875 of 25000
2022-08-03 17:06:30.949731: I tensorflow/core/kernels/data/shuffle_dataset_op.cc:390] Filling up shuffle buffer (this may take a while): 3643 of 25000
2022-08-03 17:06:40.913634: I tensorflow/core/kernels/data/shuffle_dataset_op.cc:390] Filling up shuffle buffer (this may take a while): 5310 of 25000
2022-08-03 17:06:50.924007: I tensorflow/core/kernels/data/shuffle_dataset_op.cc:390] Filling up shuffle buffer (this may take a while): 7063 of 25000
2022-08-03 17:07:00.988206: I tensorflow/core/kernels/data/shuffle_dataset_op.cc:390] Filling up shuffle buffer (this may take a while): 8778 of 25000
2022-08-03 17:07:10.916568: I tensorflow/core/kernels/data/shuffle_dataset_op.cc:390] Filling up shuffle buffer (this may take a while): 11088 of 25000
2022-08-03 17:07:20.919196: I tensorflow/core/kernels/data/shuffle_dataset_op.cc:390] Filling up shuffle buffer (this may take a while): 13755 of 25000
2022-08-03 17:07:31.165206: I tensorflow/core/kernels/data/shuffle_dataset_op.cc:390] Filling up shuffle buffer (this may take a while): 15746 of 25000
2022-08-03 17:07:40.917843: I tensorflow/core/kernels/data/shuffle_dataset_op.cc:390] Filling up shuffle buffer (this may take a while): 17588 of 25000
2022-08-03 17:07:50.921454: I tensorflow/core/kernels/data/shuffle_dataset_op.cc:390] Filling up shuffle buffer (this may take a while): 19662 of 25000
2022-08-03 17:07:51.917349: I tensorflow/core/kernels/data/shuffle_dataset_op.cc:415] Shuffle buffer filled.
2022-08-03 17:09:12.260065: I tensorflow/core/kernels/data/shuffle_dataset_op.cc:390] Filling up shuffle buffer (this may take a while): 2562 of 25000
2022-08-03 17:09:20.355946: I tensorflow/core/kernels/data/shuffle_dataset_op.cc:415] Shuffle buffer filled.
78/78 - 196s - loss: 0.6680 - accuracy: 0.6131 - val_loss: 0.6230 - val_accuracy: 0.6731 - lr: 0.0100 - 196s/epoch - 3s/step
Epoch 3/100
2022-08-03 17:09:36.481535: I tensorflow/core/kernels/data/shuffle_dataset_op.cc:390] Filling up shuffle buffer (this may take a while): 3280 of 25000
2022-08-03 17:09:46.622725: I tensorflow/core/kernels/data/shuffle_dataset_op.cc:390] Filling up shuffle buffer (this may take a while): 5929 of 25000
2022-08-03 17:09:56.479153: I tensorflow/core/kernels/data/shuffle_dataset_op.cc:390] Filling up shuffle buffer (this may take a while): 8356 of 25000
2022-08-03 17:10:06.556977: I tensorflow/core/kernels/data/shuffle_dataset_op.cc:390] Filling up shuffle buffer (this may take a while): 11044 of 25000
2022-08-03 17:10:16.533322: I tensorflow/core/kernels/data/shuffle_dataset_op.cc:390] Filling up shuffle buffer (this may take a while): 13924 of 25000
2022-08-03 17:10:26.482224: I tensorflow/core/kernels/data/shuffle_dataset_op.cc:390] Filling up shuffle buffer (this may take a while): 17377 of 25000
2022-08-03 17:10:34.717976: I tensorflow/core/kernels/data/shuffle_dataset_op.cc:415] Shuffle buffer filled.
2022-08-03 17:11:55.250828: I tensorflow/core/kernels/data/shuffle_dataset_op.cc:390] Filling up shuffle buffer (this may take a while): 2365 of 25000
2022-08-03 17:12:05.254465: I tensorflow/core/kernels/data/shuffle_dataset_op.cc:390] Filling up shuffle buffer (this may take a while): 4435 of 25000
2022-08-03 17:12:07.397694: I tensorflow/core/kernels/data/shuffle_dataset_op.cc:415] Shuffle buffer filled.
78/78 - 167s - loss: 0.6064 - accuracy: 0.6843 - val_loss: 0.5823 - val_accuracy: 0.7093 - lr: 0.0100 - 167s/epoch - 2s/step
Epoch 4/100
2022-08-03 17:12:23.639328: I tensorflow/core/kernels/data/shuffle_dataset_op.cc:390] Filling up shuffle buffer (this may take a while): 2242 of 25000
2022-08-03 17:12:33.560640: I tensorflow/core/kernels/data/shuffle_dataset_op.cc:390] Filling up shuffle buffer (this may take a while): 4530 of 25000
2022-08-03 17:12:43.565950: I tensorflow/core/kernels/data/shuffle_dataset_op.cc:390] Filling up shuffle buffer (this may take a while): 7430 of 25000
2022-08-03 17:12:53.517943: I tensorflow/core/kernels/data/shuffle_dataset_op.cc:390] Filling up shuffle buffer (this may take a while): 9726 of 25000
2022-08-03 17:13:03.786720: I tensorflow/core/kernels/data/shuffle_dataset_op.cc:390] Filling up shuffle buffer (this may take a while): 11703 of 25000
2022-08-03 17:13:13.521926: I tensorflow/core/kernels/data/shuffle_dataset_op.cc:390] Filling up shuffle buffer (this may take a while): 13847 of 25000
2022-08-03 17:13:23.559984: I tensorflow/core/kernels/data/shuffle_dataset_op.cc:390] Filling up shuffle buffer (this may take a while): 15993 of 25000
2022-08-03 17:13:33.517425: I tensorflow/core/kernels/data/shuffle_dataset_op.cc:390] Filling up shuffle buffer (this may take a while): 18078 of 25000
2022-08-03 17:13:40.604213: I tensorflow/core/kernels/data/shuffle_dataset_op.cc:415] Shuffle buffer filled.
2022-08-03 17:15:01.106480: I tensorflow/core/kernels/data/shuffle_dataset_op.cc:390] Filling up shuffle buffer (this may take a while): 2678 of 25000
2022-08-03 17:15:06.734220: I tensorflow/core/kernels/data/shuffle_dataset_op.cc:415] Shuffle buffer filled.
78/78 - 179s - loss: 0.5744 - accuracy: 0.7123 - val_loss: 0.5691 - val_accuracy: 0.7175 - lr: 0.0100 - 179s/epoch - 2s/step
Epoch 5/100
2022-08-03 17:15:22.927988: I tensorflow/core/kernels/data/shuffle_dataset_op.cc:390] Filling up shuffle buffer (this may take a while): 3778 of 25000
2022-08-03 17:15:33.183211: I tensorflow/core/kernels/data/shuffle_dataset_op.cc:390] Filling up shuffle buffer (this may take a while): 6723 of 25000
2022-08-03 17:15:42.859942: I tensorflow/core/kernels/data/shuffle_dataset_op.cc:390] Filling up shuffle buffer (this may take a while): 12162 of 25000
2022-08-03 17:15:52.847717: I tensorflow/core/kernels/data/shuffle_dataset_op.cc:390] Filling up shuffle buffer (this may take a while): 16899 of 25000
2022-08-03 17:15:59.659500: I tensorflow/core/kernels/data/shuffle_dataset_op.cc:415] Shuffle buffer filled.
2022-08-03 17:17:20.021063: I tensorflow/core/kernels/data/shuffle_dataset_op.cc:390] Filling up shuffle buffer (this may take a while): 4863 of 25000
2022-08-03 17:17:20.175319: I tensorflow/core/kernels/data/shuffle_dataset_op.cc:415] Shuffle buffer filled.
78/78 - 133s - loss: 0.5612 - accuracy: 0.7184 - val_loss: 0.5353 - val_accuracy: 0.7412 - lr: 0.0100 - 133s/epoch - 2s/step
Epoch 6/100
2022-08-03 17:17:36.401369: I tensorflow/core/kernels/data/shuffle_dataset_op.cc:390] Filling up shuffle buffer (this may take a while): 4548 of 25000
2022-08-03 17:17:46.411883: I tensorflow/core/kernels/data/shuffle_dataset_op.cc:390] Filling up shuffle buffer (this may take a while): 9614 of 25000
2022-08-03 17:17:56.411329: I tensorflow/core/kernels/data/shuffle_dataset_op.cc:390] Filling up shuffle buffer (this may take a while): 13922 of 25000
2022-08-03 17:18:06.410214: I tensorflow/core/kernels/data/shuffle_dataset_op.cc:390] Filling up shuffle buffer (this may take a while): 17979 of 25000
2022-08-03 17:18:11.438281: I tensorflow/core/kernels/data/shuffle_dataset_op.cc:415] Shuffle buffer filled.
2022-08-03 17:19:32.014749: I tensorflow/core/kernels/data/shuffle_dataset_op.cc:390] Filling up shuffle buffer (this may take a while): 4057 of 25000
2022-08-03 17:19:35.162071: I tensorflow/core/kernels/data/shuffle_dataset_op.cc:415] Shuffle buffer filled.
78/78 - 135s - loss: 0.5334 - accuracy: 0.7398 - val_loss: 0.5057 - val_accuracy: 0.7576 - lr: 0.0100 - 135s/epoch - 2s/step
Epoch 7/100
2022-08-03 17:19:51.352675: I tensorflow/core/kernels/data/shuffle_dataset_op.cc:390] Filling up shuffle buffer (this may take a while): 4303 of 25000
2022-08-03 17:20:01.336443: I tensorflow/core/kernels/data/shuffle_dataset_op.cc:390] Filling up shuffle buffer (this may take a while): 9898 of 25000
2022-08-03 17:20:11.337543: I tensorflow/core/kernels/data/shuffle_dataset_op.cc:390] Filling up shuffle buffer (this may take a while): 14980 of 25000
2022-08-03 17:20:21.336481: I tensorflow/core/kernels/data/shuffle_dataset_op.cc:390] Filling up shuffle buffer (this may take a while): 19941 of 25000
2022-08-03 17:20:21.422749: I tensorflow/core/kernels/data/shuffle_dataset_op.cc:415] Shuffle buffer filled.
2022-08-03 17:21:42.102205: I tensorflow/core/kernels/data/shuffle_dataset_op.cc:390] Filling up shuffle buffer (this may take a while): 4409 of 25000
2022-08-03 17:21:43.183345: I tensorflow/core/kernels/data/shuffle_dataset_op.cc:415] Shuffle buffer filled.
78/78 - 128s - loss: 0.5417 - accuracy: 0.7327 - val_loss: 0.5123 - val_accuracy: 0.7582 - lr: 0.0100 - 128s/epoch - 2s/step
Epoch 8/100
2022-08-03 17:21:59.347509: I tensorflow/core/kernels/data/shuffle_dataset_op.cc:390] Filling up shuffle buffer (this may take a while): 3969 of 25000
2022-08-03 17:22:09.323561: I tensorflow/core/kernels/data/shuffle_dataset_op.cc:390] Filling up shuffle buffer (this may take a while): 7613 of 25000
2022-08-03 17:22:19.334071: I tensorflow/core/kernels/data/shuffle_dataset_op.cc:390] Filling up shuffle buffer (this may take a while): 11886 of 25000
2022-08-03 17:22:29.558024: I tensorflow/core/kernels/data/shuffle_dataset_op.cc:390] Filling up shuffle buffer (this may take a while): 16187 of 25000
2022-08-03 17:22:39.110290: I tensorflow/core/kernels/data/shuffle_dataset_op.cc:415] Shuffle buffer filled.
78/78 - 136s - loss: 0.5179 - accuracy: 0.7512 - val_loss: 0.4921 - val_accuracy: 0.7724 - lr: 0.0100 - 136s/epoch - 2s/step
Epoch 9/100
2022-08-03 17:24:15.344807: I tensorflow/core/kernels/data/shuffle_dataset_op.cc:390] Filling up shuffle buffer (this may take a while): 4737 of 25000
2022-08-03 17:24:25.299429: I tensorflow/core/kernels/data/shuffle_dataset_op.cc:390] Filling up shuffle buffer (this may take a while): 10958 of 25000
2022-08-03 17:24:35.291262: I tensorflow/core/kernels/data/shuffle_dataset_op.cc:390] Filling up shuffle buffer (this may take a while): 17048 of 25000
2022-08-03 17:24:42.509617: I tensorflow/core/kernels/data/shuffle_dataset_op.cc:415] Shuffle buffer filled.
2022-08-03 17:26:03.094519: I tensorflow/core/kernels/data/shuffle_dataset_op.cc:390] Filling up shuffle buffer (this may take a while): 3542 of 25000
2022-08-03 17:26:10.214014: I tensorflow/core/kernels/data/shuffle_dataset_op.cc:415] Shuffle buffer filled.
78/78 - 131s - loss: 0.4930 - accuracy: 0.7671 - val_loss: 0.5000 - val_accuracy: 0.7603 - lr: 0.0100 - 131s/epoch - 2s/step
Epoch 10/100
2022-08-03 17:26:26.355967: I tensorflow/core/kernels/data/shuffle_dataset_op.cc:390] Filling up shuffle buffer (this may take a while): 3174 of 25000
2022-08-03 17:26:36.379673: I tensorflow/core/kernels/data/shuffle_dataset_op.cc:390] Filling up shuffle buffer (this may take a while): 5621 of 25000
2022-08-03 17:26:46.305286: I tensorflow/core/kernels/data/shuffle_dataset_op.cc:390] Filling up shuffle buffer (this may take a while): 8289 of 25000
2022-08-03 17:26:56.362400: I tensorflow/core/kernels/data/shuffle_dataset_op.cc:390] Filling up shuffle buffer (this may take a while): 12722 of 25000
2022-08-03 17:27:06.308227: I tensorflow/core/kernels/data/shuffle_dataset_op.cc:390] Filling up shuffle buffer (this may take a while): 17376 of 25000
2022-08-03 17:27:12.010504: I tensorflow/core/kernels/data/shuffle_dataset_op.cc:415] Shuffle buffer filled.
2022-08-03 17:28:32.530787: I tensorflow/core/kernels/data/shuffle_dataset_op.cc:390] Filling up shuffle buffer (this may take a while): 3697 of 25000
2022-08-03 17:28:36.859643: I tensorflow/core/kernels/data/shuffle_dataset_op.cc:415] Shuffle buffer filled.
78/78 - 147s - loss: 0.4823 - accuracy: 0.7727 - val_loss: 0.4837 - val_accuracy: 0.7662 - lr: 0.0100 - 147s/epoch - 2s/step
Epoch 11/100
2022-08-03 17:28:52.975666: I tensorflow/core/kernels/data/shuffle_dataset_op.cc:390] Filling up shuffle buffer (this may take a while): 2639 of 25000
2022-08-03 17:29:02.977885: I tensorflow/core/kernels/data/shuffle_dataset_op.cc:390] Filling up shuffle buffer (this may take a while): 5454 of 25000
2022-08-03 17:29:12.983913: I tensorflow/core/kernels/data/shuffle_dataset_op.cc:390] Filling up shuffle buffer (this may take a while): 9406 of 25000
2022-08-03 17:29:22.978374: I tensorflow/core/kernels/data/shuffle_dataset_op.cc:390] Filling up shuffle buffer (this may take a while): 13547 of 25000
2022-08-03 17:29:32.972656: I tensorflow/core/kernels/data/shuffle_dataset_op.cc:390] Filling up shuffle buffer (this may take a while): 18709 of 25000
2022-08-03 17:29:36.699590: I tensorflow/core/kernels/data/shuffle_dataset_op.cc:415] Shuffle buffer filled.
2022-08-03 17:30:57.268926: I tensorflow/core/kernels/data/shuffle_dataset_op.cc:390] Filling up shuffle buffer (this may take a while): 3537 of 25000
2022-08-03 17:30:59.530241: I tensorflow/core/kernels/data/shuffle_dataset_op.cc:415] Shuffle buffer filled.
78/78 - 143s - loss: 0.4614 - accuracy: 0.7869 - val_loss: 0.4791 - val_accuracy: 0.7825 - lr: 0.0100 - 143s/epoch - 2s/step
Epoch 12/100
2022-08-03 17:31:15.849470: I tensorflow/core/kernels/data/shuffle_dataset_op.cc:390] Filling up shuffle buffer (this may take a while): 3796 of 25000
2022-08-03 17:31:25.821179: I tensorflow/core/kernels/data/shuffle_dataset_op.cc:390] Filling up shuffle buffer (this may take a while): 7605 of 25000
2022-08-03 17:31:35.823828: I tensorflow/core/kernels/data/shuffle_dataset_op.cc:390] Filling up shuffle buffer (this may take a while): 12232 of 25000
2022-08-03 17:31:45.992450: I tensorflow/core/kernels/data/shuffle_dataset_op.cc:390] Filling up shuffle buffer (this may take a while): 17371 of 25000
2022-08-03 17:31:54.892229: I tensorflow/core/kernels/data/shuffle_dataset_op.cc:415] Shuffle buffer filled.
2022-08-03 17:33:15.530239: I tensorflow/core/kernels/data/shuffle_dataset_op.cc:390] Filling up shuffle buffer (this may take a while): 4347 of 25000
2022-08-03 17:33:17.237023: I tensorflow/core/kernels/data/shuffle_dataset_op.cc:415] Shuffle buffer filled.
78/78 - 137s - loss: 0.4570 - accuracy: 0.7917 - val_loss: 0.4618 - val_accuracy: 0.7852 - lr: 0.0100 - 137s/epoch - 2s/step
Epoch 13/100
2022-08-03 17:33:33.290755: I tensorflow/core/kernels/data/shuffle_dataset_op.cc:390] Filling up shuffle buffer (this may take a while): 3398 of 25000
2022-08-03 17:33:43.277868: I tensorflow/core/kernels/data/shuffle_dataset_op.cc:390] Filling up shuffle buffer (this may take a while): 6733 of 25000
2022-08-03 17:33:53.295368: I tensorflow/core/kernels/data/shuffle_dataset_op.cc:390] Filling up shuffle buffer (this may take a while): 10895 of 25000
2022-08-03 17:34:03.284160: I tensorflow/core/kernels/data/shuffle_dataset_op.cc:390] Filling up shuffle buffer (this may take a while): 14333 of 25000
2022-08-03 17:34:13.268273: I tensorflow/core/kernels/data/shuffle_dataset_op.cc:390] Filling up shuffle buffer (this may take a while): 17183 of 25000
2022-08-03 17:34:18.118857: I tensorflow/core/kernels/data/shuffle_dataset_op.cc:415] Shuffle buffer filled.
2022-08-03 17:35:38.551032: I tensorflow/core/kernels/data/shuffle_dataset_op.cc:390] Filling up shuffle buffer (this may take a while): 3343 of 25000
2022-08-03 17:35:43.245502: I tensorflow/core/kernels/data/shuffle_dataset_op.cc:415] Shuffle buffer filled.
78/78 - 146s - loss: 0.4517 - accuracy: 0.7948 - val_loss: 0.4149 - val_accuracy: 0.8156 - lr: 0.0100 - 146s/epoch - 2s/step
Epoch 14/100
2022-08-03 17:35:59.359838: I tensorflow/core/kernels/data/shuffle_dataset_op.cc:390] Filling up shuffle buffer (this may take a while): 4621 of 25000
2022-08-03 17:36:09.389220: I tensorflow/core/kernels/data/shuffle_dataset_op.cc:390] Filling up shuffle buffer (this may take a while): 8716 of 25000
2022-08-03 17:36:19.359015: I tensorflow/core/kernels/data/shuffle_dataset_op.cc:390] Filling up shuffle buffer (this may take a while): 12458 of 25000
2022-08-03 17:36:29.351690: I tensorflow/core/kernels/data/shuffle_dataset_op.cc:390] Filling up shuffle buffer (this may take a while): 15431 of 25000
2022-08-03 17:36:39.347822: I tensorflow/core/kernels/data/shuffle_dataset_op.cc:390] Filling up shuffle buffer (this may take a while): 19863 of 25000
2022-08-03 17:36:39.885888: I tensorflow/core/kernels/data/shuffle_dataset_op.cc:415] Shuffle buffer filled.
78/78 - 136s - loss: 0.4168 - accuracy: 0.8152 - val_loss: 0.4051 - val_accuracy: 0.8232 - lr: 0.0100 - 136s/epoch - 2s/step
Epoch 15/100
2022-08-03 17:38:15.446637: I tensorflow/core/kernels/data/shuffle_dataset_op.cc:390] Filling up shuffle buffer (this may take a while): 4477 of 25000
2022-08-03 17:38:25.449736: I tensorflow/core/kernels/data/shuffle_dataset_op.cc:390] Filling up shuffle buffer (this may take a while): 9908 of 25000
2022-08-03 17:38:35.459838: I tensorflow/core/kernels/data/shuffle_dataset_op.cc:390] Filling up shuffle buffer (this may take a while): 12898 of 25000
2022-08-03 17:38:45.446025: I tensorflow/core/kernels/data/shuffle_dataset_op.cc:390] Filling up shuffle buffer (this may take a while): 16810 of 25000
2022-08-03 17:38:55.450266: I tensorflow/core/kernels/data/shuffle_dataset_op.cc:390] Filling up shuffle buffer (this may take a while): 19410 of 25000
2022-08-03 17:38:56.721298: I tensorflow/core/kernels/data/shuffle_dataset_op.cc:415] Shuffle buffer filled.
2022-08-03 17:40:17.295890: I tensorflow/core/kernels/data/shuffle_dataset_op.cc:390] Filling up shuffle buffer (this may take a while): 3372 of 25000
2022-08-03 17:40:20.735705: I tensorflow/core/kernels/data/shuffle_dataset_op.cc:415] Shuffle buffer filled.
78/78 - 141s - loss: 0.3939 - accuracy: 0.8294 - val_loss: 0.3810 - val_accuracy: 0.8366 - lr: 0.0100 - 141s/epoch - 2s/step
Epoch 16/100
2022-08-03 17:40:36.878494: I tensorflow/core/kernels/data/shuffle_dataset_op.cc:390] Filling up shuffle buffer (this may take a while): 4198 of 25000
2022-08-03 17:40:46.908370: I tensorflow/core/kernels/data/shuffle_dataset_op.cc:390] Filling up shuffle buffer (this may take a while): 7971 of 25000
2022-08-03 17:40:56.875937: I tensorflow/core/kernels/data/shuffle_dataset_op.cc:390] Filling up shuffle buffer (this may take a while): 11366 of 25000
2022-08-03 17:41:06.876831: I tensorflow/core/kernels/data/shuffle_dataset_op.cc:390] Filling up shuffle buffer (this may take a while): 16106 of 25000
2022-08-03 17:41:15.529333: I tensorflow/core/kernels/data/shuffle_dataset_op.cc:415] Shuffle buffer filled.
2022-08-03 17:42:36.005156: I tensorflow/core/kernels/data/shuffle_dataset_op.cc:390] Filling up shuffle buffer (this may take a while): 3711 of 25000
2022-08-03 17:42:38.553074: I tensorflow/core/kernels/data/shuffle_dataset_op.cc:415] Shuffle buffer filled.
78/78 - 138s - loss: 0.3774 - accuracy: 0.8405 - val_loss: 0.3618 - val_accuracy: 0.8450 - lr: 0.0100 - 138s/epoch - 2s/step
Epoch 17/100
2022-08-03 17:42:54.726615: I tensorflow/core/kernels/data/shuffle_dataset_op.cc:390] Filling up shuffle buffer (this may take a while): 5500 of 25000
2022-08-03 17:43:04.730414: I tensorflow/core/kernels/data/shuffle_dataset_op.cc:390] Filling up shuffle buffer (this may take a while): 9410 of 25000
2022-08-03 17:43:14.743753: I tensorflow/core/kernels/data/shuffle_dataset_op.cc:390] Filling up shuffle buffer (this may take a while): 14139 of 25000
2022-08-03 17:43:24.724204: I tensorflow/core/kernels/data/shuffle_dataset_op.cc:390] Filling up shuffle buffer (this may take a while): 18023 of 25000
2022-08-03 17:43:29.444763: I tensorflow/core/kernels/data/shuffle_dataset_op.cc:415] Shuffle buffer filled.
2022-08-03 17:44:50.044150: I tensorflow/core/kernels/data/shuffle_dataset_op.cc:390] Filling up shuffle buffer (this may take a while): 4543 of 25000
2022-08-03 17:44:50.892548: I tensorflow/core/kernels/data/shuffle_dataset_op.cc:415] Shuffle buffer filled.
78/78 - 132s - loss: 0.3480 - accuracy: 0.8562 - val_loss: 0.3492 - val_accuracy: 0.8501 - lr: 0.0100 - 132s/epoch - 2s/step
Epoch 18/100
2022-08-03 17:45:07.067473: I tensorflow/core/kernels/data/shuffle_dataset_op.cc:390] Filling up shuffle buffer (this may take a while): 3558 of 25000
2022-08-03 17:45:17.101634: I tensorflow/core/kernels/data/shuffle_dataset_op.cc:390] Filling up shuffle buffer (this may take a while): 7608 of 25000
2022-08-03 17:45:27.058868: I tensorflow/core/kernels/data/shuffle_dataset_op.cc:390] Filling up shuffle buffer (this may take a while): 11955 of 25000
2022-08-03 17:45:37.050960: I tensorflow/core/kernels/data/shuffle_dataset_op.cc:390] Filling up shuffle buffer (this may take a while): 16521 of 25000
2022-08-03 17:45:43.985884: I tensorflow/core/kernels/data/shuffle_dataset_op.cc:415] Shuffle buffer filled.
2022-08-03 17:47:04.560087: I tensorflow/core/kernels/data/shuffle_dataset_op.cc:390] Filling up shuffle buffer (this may take a while): 4856 of 25000
2022-08-03 17:47:05.229851: I tensorflow/core/kernels/data/shuffle_dataset_op.cc:415] Shuffle buffer filled.
78/78 - 134s - loss: 0.3336 - accuracy: 0.8597 - val_loss: 0.3279 - val_accuracy: 0.8633 - lr: 0.0100 - 134s/epoch - 2s/step
Epoch 19/100
2022-08-03 17:47:21.495130: I tensorflow/core/kernels/data/shuffle_dataset_op.cc:390] Filling up shuffle buffer (this may take a while): 2476 of 25000
2022-08-03 17:47:31.336709: I tensorflow/core/kernels/data/shuffle_dataset_op.cc:390] Filling up shuffle buffer (this may take a while): 6201 of 25000
2022-08-03 17:47:41.350066: I tensorflow/core/kernels/data/shuffle_dataset_op.cc:390] Filling up shuffle buffer (this may take a while): 9977 of 25000
2022-08-03 17:47:51.339112: I tensorflow/core/kernels/data/shuffle_dataset_op.cc:390] Filling up shuffle buffer (this may take a while): 14837 of 25000
2022-08-03 17:48:01.347337: I tensorflow/core/kernels/data/shuffle_dataset_op.cc:390] Filling up shuffle buffer (this may take a while): 19780 of 25000
2022-08-03 17:48:01.652437: I tensorflow/core/kernels/data/shuffle_dataset_op.cc:415] Shuffle buffer filled.
2022-08-03 17:49:22.132480: I tensorflow/core/kernels/data/shuffle_dataset_op.cc:390] Filling up shuffle buffer (this may take a while): 3866 of 25000
2022-08-03 17:49:24.946337: I tensorflow/core/kernels/data/shuffle_dataset_op.cc:415] Shuffle buffer filled.
78/78 - 140s - loss: 0.3259 - accuracy: 0.8653 - val_loss: 0.3541 - val_accuracy: 0.8512 - lr: 0.0100 - 140s/epoch - 2s/step
Epoch 20/100
2022-08-03 17:49:41.085203: I tensorflow/core/kernels/data/shuffle_dataset_op.cc:390] Filling up shuffle buffer (this may take a while): 4173 of 25000
2022-08-03 17:49:51.055154: I tensorflow/core/kernels/data/shuffle_dataset_op.cc:390] Filling up shuffle buffer (this may take a while): 9617 of 25000
2022-08-03 17:50:01.053483: I tensorflow/core/kernels/data/shuffle_dataset_op.cc:390] Filling up shuffle buffer (this may take a while): 14511 of 25000
2022-08-03 17:50:11.051598: I tensorflow/core/kernels/data/shuffle_dataset_op.cc:390] Filling up shuffle buffer (this may take a while): 18966 of 25000
2022-08-03 17:50:12.785853: I tensorflow/core/kernels/data/shuffle_dataset_op.cc:415] Shuffle buffer filled.
2022-08-03 17:51:33.357526: I tensorflow/core/kernels/data/shuffle_dataset_op.cc:390] Filling up shuffle buffer (this may take a while): 3884 of 25000
2022-08-03 17:51:36.148930: I tensorflow/core/kernels/data/shuffle_dataset_op.cc:415] Shuffle buffer filled.
78/78 - 131s - loss: 0.3016 - accuracy: 0.8781 - val_loss: 0.3029 - val_accuracy: 0.8812 - lr: 0.0100 - 131s/epoch - 2s/step
Epoch 21/100
2022-08-03 17:51:52.328367: I tensorflow/core/kernels/data/shuffle_dataset_op.cc:390] Filling up shuffle buffer (this may take a while): 3394 of 25000
2022-08-03 17:52:02.323068: I tensorflow/core/kernels/data/shuffle_dataset_op.cc:390] Filling up shuffle buffer (this may take a while): 6693 of 25000
2022-08-03 17:52:12.311596: I tensorflow/core/kernels/data/shuffle_dataset_op.cc:390] Filling up shuffle buffer (this may take a while): 10239 of 25000
2022-08-03 17:52:22.311649: I tensorflow/core/kernels/data/shuffle_dataset_op.cc:390] Filling up shuffle buffer (this may take a while): 15627 of 25000
2022-08-03 17:52:31.960024: I tensorflow/core/kernels/data/shuffle_dataset_op.cc:415] Shuffle buffer filled.
2022-08-03 17:53:52.717215: I tensorflow/core/kernels/data/shuffle_dataset_op.cc:390] Filling up shuffle buffer (this may take a while): 4892 of 25000
2022-08-03 17:53:52.846269: I tensorflow/core/kernels/data/shuffle_dataset_op.cc:415] Shuffle buffer filled.
78/78 - 137s - loss: 0.2947 - accuracy: 0.8826 - val_loss: 0.3085 - val_accuracy: 0.8806 - lr: 0.0100 - 137s/epoch - 2s/step
Epoch 22/100
2022-08-03 17:54:08.990047: I tensorflow/core/kernels/data/shuffle_dataset_op.cc:390] Filling up shuffle buffer (this may take a while): 5674 of 25000
2022-08-03 17:54:18.988937: I tensorflow/core/kernels/data/shuffle_dataset_op.cc:390] Filling up shuffle buffer (this may take a while): 11604 of 25000
2022-08-03 17:54:28.994170: I tensorflow/core/kernels/data/shuffle_dataset_op.cc:390] Filling up shuffle buffer (this may take a while): 15841 of 25000
2022-08-03 17:54:38.995915: I tensorflow/core/kernels/data/shuffle_dataset_op.cc:390] Filling up shuffle buffer (this may take a while): 19252 of 25000
2022-08-03 17:54:42.508641: I tensorflow/core/kernels/data/shuffle_dataset_op.cc:415] Shuffle buffer filled.
2022-08-03 17:56:02.923863: I tensorflow/core/kernels/data/shuffle_dataset_op.cc:390] Filling up shuffle buffer (this may take a while): 3652 of 25000
2022-08-03 17:56:05.308440: I tensorflow/core/kernels/data/shuffle_dataset_op.cc:415] Shuffle buffer filled.
78/78 - 132s - loss: 0.2652 - accuracy: 0.8975 - val_loss: 0.2615 - val_accuracy: 0.8997 - lr: 0.0100 - 132s/epoch - 2s/step
Epoch 23/100
2022-08-03 17:56:21.577776: I tensorflow/core/kernels/data/shuffle_dataset_op.cc:390] Filling up shuffle buffer (this may take a while): 4649 of 25000
2022-08-03 17:56:31.353715: I tensorflow/core/kernels/data/shuffle_dataset_op.cc:390] Filling up shuffle buffer (this may take a while): 8484 of 25000
2022-08-03 17:56:41.344057: I tensorflow/core/kernels/data/shuffle_dataset_op.cc:390] Filling up shuffle buffer (this may take a while): 11395 of 25000
2022-08-03 17:56:51.389436: I tensorflow/core/kernels/data/shuffle_dataset_op.cc:390] Filling up shuffle buffer (this may take a while): 13477 of 25000
2022-08-03 17:57:01.340452: I tensorflow/core/kernels/data/shuffle_dataset_op.cc:390] Filling up shuffle buffer (this may take a while): 16177 of 25000
2022-08-03 17:57:11.351217: I tensorflow/core/kernels/data/shuffle_dataset_op.cc:390] Filling up shuffle buffer (this may take a while): 18974 of 25000
2022-08-03 17:57:14.269413: I tensorflow/core/kernels/data/shuffle_dataset_op.cc:415] Shuffle buffer filled.
2022-08-03 17:58:34.618203: I tensorflow/core/kernels/data/shuffle_dataset_op.cc:390] Filling up shuffle buffer (this may take a while): 4030 of 25000
2022-08-03 17:58:36.603198: I tensorflow/core/kernels/data/shuffle_dataset_op.cc:415] Shuffle buffer filled.
78/78 - 151s - loss: 0.2597 - accuracy: 0.8996 - val_loss: 0.2677 - val_accuracy: 0.9032 - lr: 0.0100 - 151s/epoch - 2s/step
Epoch 24/100
2022-08-03 17:58:52.897332: I tensorflow/core/kernels/data/shuffle_dataset_op.cc:390] Filling up shuffle buffer (this may take a while): 5741 of 25000
2022-08-03 17:59:02.780890: I tensorflow/core/kernels/data/shuffle_dataset_op.cc:390] Filling up shuffle buffer (this may take a while): 8777 of 25000
2022-08-03 17:59:12.791878: I tensorflow/core/kernels/data/shuffle_dataset_op.cc:390] Filling up shuffle buffer (this may take a while): 13340 of 25000
2022-08-03 17:59:22.166479: I tensorflow/core/kernels/data/shuffle_dataset_op.cc:415] Shuffle buffer filled.
2022-08-03 18:00:42.820208: I tensorflow/core/kernels/data/shuffle_dataset_op.cc:390] Filling up shuffle buffer (this may take a while): 4629 of 25000
2022-08-03 18:00:43.418554: I tensorflow/core/kernels/data/shuffle_dataset_op.cc:415] Shuffle buffer filled.
78/78 - 127s - loss: 0.2390 - accuracy: 0.9096 - val_loss: 0.2521 - val_accuracy: 0.9023 - lr: 0.0100 - 127s/epoch - 2s/step
Epoch 25/100
2022-08-03 18:00:59.608317: I tensorflow/core/kernels/data/shuffle_dataset_op.cc:390] Filling up shuffle buffer (this may take a while): 5857 of 25000
2022-08-03 18:01:10.012332: I tensorflow/core/kernels/data/shuffle_dataset_op.cc:390] Filling up shuffle buffer (this may take a while): 10587 of 25000
2022-08-03 18:01:19.617676: I tensorflow/core/kernels/data/shuffle_dataset_op.cc:390] Filling up shuffle buffer (this may take a while): 18069 of 25000
2022-08-03 18:01:22.027465: I tensorflow/core/kernels/data/shuffle_dataset_op.cc:415] Shuffle buffer filled.
2022-08-03 18:02:42.763032: I tensorflow/core/kernels/data/shuffle_dataset_op.cc:390] Filling up shuffle buffer (this may take a while): 3356 of 25000
2022-08-03 18:02:47.233091: I tensorflow/core/kernels/data/shuffle_dataset_op.cc:415] Shuffle buffer filled.
78/78 - 124s - loss: 0.2413 - accuracy: 0.9073 - val_loss: 0.2583 - val_accuracy: 0.8982 - lr: 0.0100 - 124s/epoch - 2s/step
Epoch 26/100
2022-08-03 18:03:03.409932: I tensorflow/core/kernels/data/shuffle_dataset_op.cc:390] Filling up shuffle buffer (this may take a while): 3291 of 25000
2022-08-03 18:03:13.329446: I tensorflow/core/kernels/data/shuffle_dataset_op.cc:390] Filling up shuffle buffer (this may take a while): 7727 of 25000
2022-08-03 18:03:23.323295: I tensorflow/core/kernels/data/shuffle_dataset_op.cc:390] Filling up shuffle buffer (this may take a while): 11842 of 25000
2022-08-03 18:03:33.383937: I tensorflow/core/kernels/data/shuffle_dataset_op.cc:390] Filling up shuffle buffer (this may take a while): 16371 of 25000
2022-08-03 18:03:42.099751: I tensorflow/core/kernels/data/shuffle_dataset_op.cc:415] Shuffle buffer filled.
2022-08-03 18:05:02.709770: I tensorflow/core/kernels/data/shuffle_dataset_op.cc:390] Filling up shuffle buffer (this may take a while): 4076 of 25000
2022-08-03 18:05:04.890883: I tensorflow/core/kernels/data/shuffle_dataset_op.cc:415] Shuffle buffer filled.
78/78 - 138s - loss: 0.2215 - accuracy: 0.9149 - val_loss: 0.2688 - val_accuracy: 0.8974 - lr: 0.0100 - 138s/epoch - 2s/step
Epoch 27/100
2022-08-03 18:05:21.038792: I tensorflow/core/kernels/data/shuffle_dataset_op.cc:390] Filling up shuffle buffer (this may take a while): 4952 of 25000
2022-08-03 18:05:31.038479: I tensorflow/core/kernels/data/shuffle_dataset_op.cc:390] Filling up shuffle buffer (this may take a while): 10910 of 25000
2022-08-03 18:05:41.036741: I tensorflow/core/kernels/data/shuffle_dataset_op.cc:390] Filling up shuffle buffer (this may take a while): 15897 of 25000
2022-08-03 18:05:51.040614: I tensorflow/core/kernels/data/shuffle_dataset_op.cc:390] Filling up shuffle buffer (this may take a while): 18510 of 25000
2022-08-03 18:05:54.858127: I tensorflow/core/kernels/data/shuffle_dataset_op.cc:415] Shuffle buffer filled.
78/78 - 130s - loss: 0.2054 - accuracy: 0.9229 - val_loss: 0.2189 - val_accuracy: 0.9159 - lr: 0.0100 - 130s/epoch - 2s/step
Epoch 28/100
2022-08-03 18:07:31.517828: I tensorflow/core/kernels/data/shuffle_dataset_op.cc:390] Filling up shuffle buffer (this may take a while): 4940 of 25000
2022-08-03 18:07:41.525249: I tensorflow/core/kernels/data/shuffle_dataset_op.cc:390] Filling up shuffle buffer (this may take a while): 8743 of 25000
2022-08-03 18:07:51.531528: I tensorflow/core/kernels/data/shuffle_dataset_op.cc:390] Filling up shuffle buffer (this may take a while): 12932 of 25000
2022-08-03 18:08:01.530684: I tensorflow/core/kernels/data/shuffle_dataset_op.cc:390] Filling up shuffle buffer (this may take a while): 18262 of 25000
2022-08-03 18:08:04.087500: I tensorflow/core/kernels/data/shuffle_dataset_op.cc:415] Shuffle buffer filled.
2022-08-03 18:09:25.041652: I tensorflow/core/kernels/data/shuffle_dataset_op.cc:390] Filling up shuffle buffer (this may take a while): 4962 of 25000
2022-08-03 18:09:25.109969: I tensorflow/core/kernels/data/shuffle_dataset_op.cc:415] Shuffle buffer filled.
78/78 - 130s - loss: 0.1854 - accuracy: 0.9348 - val_loss: 0.2093 - val_accuracy: 0.9208 - lr: 0.0100 - 130s/epoch - 2s/step
Epoch 29/100
2022-08-03 18:09:41.281391: I tensorflow/core/kernels/data/shuffle_dataset_op.cc:390] Filling up shuffle buffer (this may take a while): 8462 of 25000
2022-08-03 18:09:51.272358: I tensorflow/core/kernels/data/shuffle_dataset_op.cc:390] Filling up shuffle buffer (this may take a while): 13697 of 25000
2022-08-03 18:10:01.264560: I tensorflow/core/kernels/data/shuffle_dataset_op.cc:390] Filling up shuffle buffer (this may take a while): 18724 of 25000
2022-08-03 18:10:03.667651: I tensorflow/core/kernels/data/shuffle_dataset_op.cc:415] Shuffle buffer filled.
2022-08-03 18:11:24.424074: I tensorflow/core/kernels/data/shuffle_dataset_op.cc:390] Filling up shuffle buffer (this may take a while): 3070 of 25000
2022-08-03 18:11:30.176039: I tensorflow/core/kernels/data/shuffle_dataset_op.cc:415] Shuffle buffer filled.
78/78 - 125s - loss: 0.1884 - accuracy: 0.9306 - val_loss: 0.2322 - val_accuracy: 0.9104 - lr: 0.0100 - 125s/epoch - 2s/step
Epoch 30/100
2022-08-03 18:11:46.334148: I tensorflow/core/kernels/data/shuffle_dataset_op.cc:390] Filling up shuffle buffer (this may take a while): 3719 of 25000
2022-08-03 18:11:56.422538: I tensorflow/core/kernels/data/shuffle_dataset_op.cc:390] Filling up shuffle buffer (this may take a while): 8144 of 25000
2022-08-03 18:12:06.335764: I tensorflow/core/kernels/data/shuffle_dataset_op.cc:390] Filling up shuffle buffer (this may take a while): 11136 of 25000
2022-08-03 18:12:16.310577: I tensorflow/core/kernels/data/shuffle_dataset_op.cc:390] Filling up shuffle buffer (this may take a while): 15142 of 25000
2022-08-03 18:12:26.356593: I tensorflow/core/kernels/data/shuffle_dataset_op.cc:390] Filling up shuffle buffer (this may take a while): 18991 of 25000
2022-08-03 18:12:29.364083: I tensorflow/core/kernels/data/shuffle_dataset_op.cc:415] Shuffle buffer filled.
2022-08-03 18:13:49.871022: I tensorflow/core/kernels/data/shuffle_dataset_op.cc:390] Filling up shuffle buffer (this may take a while): 2648 of 25000
2022-08-03 18:13:57.176086: I tensorflow/core/kernels/data/shuffle_dataset_op.cc:415] Shuffle buffer filled.
78/78 - 147s - loss: 0.1958 - accuracy: 0.9283 - val_loss: 0.2121 - val_accuracy: 0.9235 - lr: 0.0100 - 147s/epoch - 2s/step
Epoch 31/100
2022-08-03 18:14:13.340474: I tensorflow/core/kernels/data/shuffle_dataset_op.cc:390] Filling up shuffle buffer (this may take a while): 4264 of 25000
2022-08-03 18:14:23.400462: I tensorflow/core/kernels/data/shuffle_dataset_op.cc:390] Filling up shuffle buffer (this may take a while): 7438 of 25000
2022-08-03 18:14:33.338510: I tensorflow/core/kernels/data/shuffle_dataset_op.cc:390] Filling up shuffle buffer (this may take a while): 11122 of 25000
2022-08-03 18:14:43.338947: I tensorflow/core/kernels/data/shuffle_dataset_op.cc:390] Filling up shuffle buffer (this may take a while): 16149 of 25000
2022-08-03 18:14:51.001105: I tensorflow/core/kernels/data/shuffle_dataset_op.cc:415] Shuffle buffer filled.
2022-08-03 18:16:11.583684: I tensorflow/core/kernels/data/shuffle_dataset_op.cc:390] Filling up shuffle buffer (this may take a while): 4271 of 25000
2022-08-03 18:16:13.166592: I tensorflow/core/kernels/data/shuffle_dataset_op.cc:415] Shuffle buffer filled.
78/78 - 136s - loss: 0.1820 - accuracy: 0.9339 - val_loss: 0.2111 - val_accuracy: 0.9165 - lr: 0.0100 - 136s/epoch - 2s/step
Epoch 32/100
2022-08-03 18:16:29.290508: I tensorflow/core/kernels/data/shuffle_dataset_op.cc:390] Filling up shuffle buffer (this may take a while): 4313 of 25000
2022-08-03 18:16:39.282428: I tensorflow/core/kernels/data/shuffle_dataset_op.cc:390] Filling up shuffle buffer (this may take a while): 10846 of 25000
2022-08-03 18:16:49.282417: I tensorflow/core/kernels/data/shuffle_dataset_op.cc:390] Filling up shuffle buffer (this may take a while): 16994 of 25000
2022-08-03 18:16:54.190345: I tensorflow/core/kernels/data/shuffle_dataset_op.cc:415] Shuffle buffer filled.
2022-08-03 18:18:14.788966: I tensorflow/core/kernels/data/shuffle_dataset_op.cc:390] Filling up shuffle buffer (this may take a while): 4747 of 25000
2022-08-03 18:18:15.255302: I tensorflow/core/kernels/data/shuffle_dataset_op.cc:415] Shuffle buffer filled.
78/78 - 122s - loss: 0.1631 - accuracy: 0.9425 - val_loss: 0.2846 - val_accuracy: 0.8779 - lr: 0.0100 - 122s/epoch - 2s/step
Epoch 33/100
2022-08-03 18:18:31.401124: I tensorflow/core/kernels/data/shuffle_dataset_op.cc:390] Filling up shuffle buffer (this may take a while): 3566 of 25000
2022-08-03 18:18:41.400682: I tensorflow/core/kernels/data/shuffle_dataset_op.cc:390] Filling up shuffle buffer (this may take a while): 8176 of 25000
2022-08-03 18:18:51.399971: I tensorflow/core/kernels/data/shuffle_dataset_op.cc:390] Filling up shuffle buffer (this may take a while): 12478 of 25000
2022-08-03 18:19:01.502740: I tensorflow/core/kernels/data/shuffle_dataset_op.cc:390] Filling up shuffle buffer (this may take a while): 16060 of 25000
2022-08-03 18:19:11.179746: I tensorflow/core/kernels/data/shuffle_dataset_op.cc:415] Shuffle buffer filled.
2022-08-03 18:20:31.719861: I tensorflow/core/kernels/data/shuffle_dataset_op.cc:390] Filling up shuffle buffer (this may take a while): 3928 of 25000
2022-08-03 18:20:33.734102: I tensorflow/core/kernels/data/shuffle_dataset_op.cc:415] Shuffle buffer filled.
78/78 - 138s - loss: 0.1555 - accuracy: 0.9449 - val_loss: 0.2006 - val_accuracy: 0.9219 - lr: 0.0100 - 138s/epoch - 2s/step
Epoch 34/100
2022-08-03 18:20:49.903307: I tensorflow/core/kernels/data/shuffle_dataset_op.cc:390] Filling up shuffle buffer (this may take a while): 5385 of 25000
2022-08-03 18:20:59.916648: I tensorflow/core/kernels/data/shuffle_dataset_op.cc:390] Filling up shuffle buffer (this may take a while): 10365 of 25000
2022-08-03 18:21:09.917392: I tensorflow/core/kernels/data/shuffle_dataset_op.cc:390] Filling up shuffle buffer (this may take a while): 15424 of 25000
2022-08-03 18:21:19.912066: I tensorflow/core/kernels/data/shuffle_dataset_op.cc:390] Filling up shuffle buffer (this may take a while): 19716 of 25000
2022-08-03 18:21:20.433135: I tensorflow/core/kernels/data/shuffle_dataset_op.cc:415] Shuffle buffer filled.
2022-08-03 18:22:41.139239: I tensorflow/core/kernels/data/shuffle_dataset_op.cc:390] Filling up shuffle buffer (this may take a while): 4336 of 25000
2022-08-03 18:22:42.201736: I tensorflow/core/kernels/data/shuffle_dataset_op.cc:415] Shuffle buffer filled.
78/78 - 128s - loss: 0.1409 - accuracy: 0.9511 - val_loss: 0.1851 - val_accuracy: 0.9346 - lr: 0.0100 - 128s/epoch - 2s/step
Epoch 35/100
2022-08-03 18:22:58.361693: I tensorflow/core/kernels/data/shuffle_dataset_op.cc:390] Filling up shuffle buffer (this may take a while): 4885 of 25000
2022-08-03 18:23:08.556195: I tensorflow/core/kernels/data/shuffle_dataset_op.cc:390] Filling up shuffle buffer (this may take a while): 10895 of 25000
2022-08-03 18:23:18.352221: I tensorflow/core/kernels/data/shuffle_dataset_op.cc:390] Filling up shuffle buffer (this may take a while): 15389 of 25000
2022-08-03 18:23:22.493929: I tensorflow/core/kernels/data/shuffle_dataset_op.cc:415] Shuffle buffer filled.
78/78 - 118s - loss: 0.1510 - accuracy: 0.9464 - val_loss: 0.2131 - val_accuracy: 0.9174 - lr: 0.0100 - 118s/epoch - 2s/step
Epoch 36/100
2022-08-03 18:24:56.661055: I tensorflow/core/kernels/data/shuffle_dataset_op.cc:390] Filling up shuffle buffer (this may take a while): 8785 of 25000
2022-08-03 18:25:05.510951: I tensorflow/core/kernels/data/shuffle_dataset_op.cc:415] Shuffle buffer filled.
78/78 - 102s - loss: 0.1375 - accuracy: 0.9511 - val_loss: 0.1767 - val_accuracy: 0.9328 - lr: 0.0100 - 102s/epoch - 1s/step
Epoch 37/100
2022-08-03 18:26:38.414128: I tensorflow/core/kernels/data/shuffle_dataset_op.cc:390] Filling up shuffle buffer (this may take a while): 10579 of 25000
2022-08-03 18:26:48.414824: I tensorflow/core/kernels/data/shuffle_dataset_op.cc:390] Filling up shuffle buffer (this may take a while): 16735 of 25000
2022-08-03 18:26:53.538397: I tensorflow/core/kernels/data/shuffle_dataset_op.cc:415] Shuffle buffer filled.
78/78 - 109s - loss: 0.1323 - accuracy: 0.9551 - val_loss: 0.1616 - val_accuracy: 0.9383 - lr: 0.0100 - 109s/epoch - 1s/step
Epoch 38/100
2022-08-03 18:28:27.982823: I tensorflow/core/kernels/data/shuffle_dataset_op.cc:390] Filling up shuffle buffer (this may take a while): 7589 of 25000
2022-08-03 18:28:37.852637: I tensorflow/core/kernels/data/shuffle_dataset_op.cc:390] Filling up shuffle buffer (this may take a while): 12516 of 25000
2022-08-03 18:28:47.818895: I tensorflow/core/kernels/data/shuffle_dataset_op.cc:390] Filling up shuffle buffer (this may take a while): 17854 of 25000
2022-08-03 18:28:52.178687: I tensorflow/core/kernels/data/shuffle_dataset_op.cc:415] Shuffle buffer filled.
78/78 - 119s - loss: 0.1198 - accuracy: 0.9591 - val_loss: 0.2510 - val_accuracy: 0.9067 - lr: 0.0100 - 119s/epoch - 2s/step
Epoch 39/100
2022-08-03 18:30:26.690561: I tensorflow/core/kernels/data/shuffle_dataset_op.cc:390] Filling up shuffle buffer (this may take a while): 6856 of 25000
2022-08-03 18:30:36.661097: I tensorflow/core/kernels/data/shuffle_dataset_op.cc:390] Filling up shuffle buffer (this may take a while): 11716 of 25000
2022-08-03 18:30:46.713434: I tensorflow/core/kernels/data/shuffle_dataset_op.cc:390] Filling up shuffle buffer (this may take a while): 17607 of 25000
2022-08-03 18:30:51.967698: I tensorflow/core/kernels/data/shuffle_dataset_op.cc:415] Shuffle buffer filled.
2022-08-03 18:32:12.610955: I tensorflow/core/kernels/data/shuffle_dataset_op.cc:390] Filling up shuffle buffer (this may take a while): 4521 of 25000
2022-08-03 18:32:14.085951: I tensorflow/core/kernels/data/shuffle_dataset_op.cc:415] Shuffle buffer filled.
78/78 - 124s - loss: 0.1155 - accuracy: 0.9612 - val_loss: 0.1619 - val_accuracy: 0.9406 - lr: 0.0100 - 124s/epoch - 2s/step
Epoch 40/100
2022-08-03 18:32:30.239116: I tensorflow/core/kernels/data/shuffle_dataset_op.cc:390] Filling up shuffle buffer (this may take a while): 3675 of 25000
2022-08-03 18:32:40.266575: I tensorflow/core/kernels/data/shuffle_dataset_op.cc:390] Filling up shuffle buffer (this may take a while): 7555 of 25000
2022-08-03 18:32:50.271926: I tensorflow/core/kernels/data/shuffle_dataset_op.cc:390] Filling up shuffle buffer (this may take a while): 11632 of 25000
2022-08-03 18:33:00.263483: I tensorflow/core/kernels/data/shuffle_dataset_op.cc:390] Filling up shuffle buffer (this may take a while): 15524 of 25000
2022-08-03 18:33:10.236405: I tensorflow/core/kernels/data/shuffle_dataset_op.cc:390] Filling up shuffle buffer (this may take a while): 19436 of 25000
2022-08-03 18:33:11.182351: I tensorflow/core/kernels/data/shuffle_dataset_op.cc:415] Shuffle buffer filled.
2022-08-03 18:34:31.686139: I tensorflow/core/kernels/data/shuffle_dataset_op.cc:390] Filling up shuffle buffer (this may take a while): 4609 of 25000
2022-08-03 18:34:32.650873: I tensorflow/core/kernels/data/shuffle_dataset_op.cc:415] Shuffle buffer filled.
78/78 - 138s - loss: 0.1203 - accuracy: 0.9565 - val_loss: 0.1528 - val_accuracy: 0.9439 - lr: 0.0100 - 138s/epoch - 2s/step
Epoch 41/100
2022-08-03 18:34:48.735747: I tensorflow/core/kernels/data/shuffle_dataset_op.cc:390] Filling up shuffle buffer (this may take a while): 4201 of 25000
2022-08-03 18:34:58.723062: I tensorflow/core/kernels/data/shuffle_dataset_op.cc:390] Filling up shuffle buffer (this may take a while): 10947 of 25000
2022-08-03 18:35:08.746713: I tensorflow/core/kernels/data/shuffle_dataset_op.cc:390] Filling up shuffle buffer (this may take a while): 17155 of 25000
2022-08-03 18:35:14.516414: I tensorflow/core/kernels/data/shuffle_dataset_op.cc:415] Shuffle buffer filled.
2022-08-03 18:36:35.156086: I tensorflow/core/kernels/data/shuffle_dataset_op.cc:390] Filling up shuffle buffer (this may take a while): 3948 of 25000
2022-08-03 18:36:37.482535: I tensorflow/core/kernels/data/shuffle_dataset_op.cc:415] Shuffle buffer filled.
78/78 - 125s - loss: 0.0955 - accuracy: 0.9693 - val_loss: 0.1847 - val_accuracy: 0.9307 - lr: 0.0100 - 125s/epoch - 2s/step
Epoch 42/100
2022-08-03 18:36:53.655861: I tensorflow/core/kernels/data/shuffle_dataset_op.cc:390] Filling up shuffle buffer (this may take a while): 4627 of 25000
2022-08-03 18:37:03.653138: I tensorflow/core/kernels/data/shuffle_dataset_op.cc:390] Filling up shuffle buffer (this may take a while): 10095 of 25000
2022-08-03 18:37:13.652865: I tensorflow/core/kernels/data/shuffle_dataset_op.cc:390] Filling up shuffle buffer (this may take a while): 16169 of 25000
2022-08-03 18:37:20.144334: I tensorflow/core/kernels/data/shuffle_dataset_op.cc:415] Shuffle buffer filled.
78/78 - 122s - loss: 0.1056 - accuracy: 0.9629 - val_loss: 0.1727 - val_accuracy: 0.9465 - lr: 0.0100 - 122s/epoch - 2s/step
Epoch 43/100
2022-08-03 18:38:55.898007: I tensorflow/core/kernels/data/shuffle_dataset_op.cc:390] Filling up shuffle buffer (this may take a while): 5287 of 25000
2022-08-03 18:39:05.907942: I tensorflow/core/kernels/data/shuffle_dataset_op.cc:390] Filling up shuffle buffer (this may take a while): 10161 of 25000
2022-08-03 18:39:15.937255: I tensorflow/core/kernels/data/shuffle_dataset_op.cc:390] Filling up shuffle buffer (this may take a while): 13761 of 25000
2022-08-03 18:39:25.953918: I tensorflow/core/kernels/data/shuffle_dataset_op.cc:390] Filling up shuffle buffer (this may take a while): 18257 of 25000
2022-08-03 18:39:29.524801: I tensorflow/core/kernels/data/shuffle_dataset_op.cc:415] Shuffle buffer filled.
2022-08-03 18:40:50.082017: I tensorflow/core/kernels/data/shuffle_dataset_op.cc:390] Filling up shuffle buffer (this may take a while): 4476 of 25000
2022-08-03 18:40:50.939892: I tensorflow/core/kernels/data/shuffle_dataset_op.cc:415] Shuffle buffer filled.
78/78 - 131s - loss: 0.0938 - accuracy: 0.9690 - val_loss: 0.1540 - val_accuracy: 0.9428 - lr: 0.0100 - 131s/epoch - 2s/step
Epoch 44/100
2022-08-03 18:41:07.114259: I tensorflow/core/kernels/data/shuffle_dataset_op.cc:390] Filling up shuffle buffer (this may take a while): 6341 of 25000
2022-08-03 18:41:17.110322: I tensorflow/core/kernels/data/shuffle_dataset_op.cc:390] Filling up shuffle buffer (this may take a while): 11540 of 25000
2022-08-03 18:41:27.109241: I tensorflow/core/kernels/data/shuffle_dataset_op.cc:390] Filling up shuffle buffer (this may take a while): 18498 of 25000
2022-08-03 18:41:29.818580: I tensorflow/core/kernels/data/shuffle_dataset_op.cc:415] Shuffle buffer filled.
78/78 - 118s - loss: 0.0891 - accuracy: 0.9700 - val_loss: 0.1436 - val_accuracy: 0.9472 - lr: 0.0100 - 118s/epoch - 2s/step
Epoch 45/100
2022-08-03 18:43:05.339747: I tensorflow/core/kernels/data/shuffle_dataset_op.cc:390] Filling up shuffle buffer (this may take a while): 6197 of 25000
2022-08-03 18:43:15.365235: I tensorflow/core/kernels/data/shuffle_dataset_op.cc:390] Filling up shuffle buffer (this may take a while): 12216 of 25000
2022-08-03 18:43:25.338456: I tensorflow/core/kernels/data/shuffle_dataset_op.cc:390] Filling up shuffle buffer (this may take a while): 17612 of 25000
2022-08-03 18:43:29.633070: I tensorflow/core/kernels/data/shuffle_dataset_op.cc:415] Shuffle buffer filled.
78/78 - 119s - loss: 0.0969 - accuracy: 0.9663 - val_loss: 0.1537 - val_accuracy: 0.9426 - lr: 0.0100 - 119s/epoch - 2s/step
Epoch 46/100
2022-08-03 18:45:03.844676: I tensorflow/core/kernels/data/shuffle_dataset_op.cc:390] Filling up shuffle buffer (this may take a while): 3996 of 25000
2022-08-03 18:45:13.874483: I tensorflow/core/kernels/data/shuffle_dataset_op.cc:390] Filling up shuffle buffer (this may take a while): 9002 of 25000
2022-08-03 18:45:23.847102: I tensorflow/core/kernels/data/shuffle_dataset_op.cc:390] Filling up shuffle buffer (this may take a while): 14022 of 25000
2022-08-03 18:45:33.653770: I tensorflow/core/kernels/data/shuffle_dataset_op.cc:415] Shuffle buffer filled.
78/78 - 126s - loss: 0.0872 - accuracy: 0.9717 - val_loss: 0.1490 - val_accuracy: 0.9457 - lr: 0.0100 - 126s/epoch - 2s/step
Epoch 47/100
2022-08-03 18:47:09.869220: I tensorflow/core/kernels/data/shuffle_dataset_op.cc:390] Filling up shuffle buffer (this may take a while): 5877 of 25000
2022-08-03 18:47:19.834081: I tensorflow/core/kernels/data/shuffle_dataset_op.cc:390] Filling up shuffle buffer (this may take a while): 12087 of 25000
2022-08-03 18:47:29.848958: I tensorflow/core/kernels/data/shuffle_dataset_op.cc:390] Filling up shuffle buffer (this may take a while): 18269 of 25000
2022-08-03 18:47:32.474791: I tensorflow/core/kernels/data/shuffle_dataset_op.cc:415] Shuffle buffer filled.
2022-08-03 18:48:53.046936: I tensorflow/core/kernels/data/shuffle_dataset_op.cc:390] Filling up shuffle buffer (this may take a while): 4706 of 25000
2022-08-03 18:48:53.223132: I tensorflow/core/kernels/data/shuffle_dataset_op.cc:415] Shuffle buffer filled.
78/78 - 120s - loss: 0.0881 - accuracy: 0.9712 - val_loss: 0.1877 - val_accuracy: 0.9363 - lr: 0.0100 - 120s/epoch - 2s/step
Epoch 48/100
2022-08-03 18:49:09.429895: I tensorflow/core/kernels/data/shuffle_dataset_op.cc:390] Filling up shuffle buffer (this may take a while): 9113 of 25000
2022-08-03 18:49:19.445715: I tensorflow/core/kernels/data/shuffle_dataset_op.cc:390] Filling up shuffle buffer (this may take a while): 15490 of 25000
2022-08-03 18:49:26.999964: I tensorflow/core/kernels/data/shuffle_dataset_op.cc:415] Shuffle buffer filled.
2022-08-03 18:50:47.674404: I tensorflow/core/kernels/data/shuffle_dataset_op.cc:390] Filling up shuffle buffer (this may take a while): 4380 of 25000
2022-08-03 18:50:48.939338: I tensorflow/core/kernels/data/shuffle_dataset_op.cc:415] Shuffle buffer filled.
78/78 - 116s - loss: 0.0769 - accuracy: 0.9764 - val_loss: 0.1496 - val_accuracy: 0.9472 - lr: 0.0100 - 116s/epoch - 1s/step
Epoch 49/100
2022-08-03 18:51:05.056868: I tensorflow/core/kernels/data/shuffle_dataset_op.cc:390] Filling up shuffle buffer (this may take a while): 5712 of 25000
2022-08-03 18:51:15.052659: I tensorflow/core/kernels/data/shuffle_dataset_op.cc:390] Filling up shuffle buffer (this may take a while): 10611 of 25000
2022-08-03 18:51:25.060556: I tensorflow/core/kernels/data/shuffle_dataset_op.cc:390] Filling up shuffle buffer (this may take a while): 17671 of 25000
2022-08-03 18:51:28.425603: I tensorflow/core/kernels/data/shuffle_dataset_op.cc:415] Shuffle buffer filled.
78/78 - 119s - loss: 0.0772 - accuracy: 0.9755 - val_loss: 0.1642 - val_accuracy: 0.9402 - lr: 0.0100 - 119s/epoch - 2s/step
Epoch 50/100
2022-08-03 18:53:03.891708: I tensorflow/core/kernels/data/shuffle_dataset_op.cc:390] Filling up shuffle buffer (this may take a while): 5387 of 25000
2022-08-03 18:53:13.878138: I tensorflow/core/kernels/data/shuffle_dataset_op.cc:390] Filling up shuffle buffer (this may take a while): 10500 of 25000
2022-08-03 18:53:23.888212: I tensorflow/core/kernels/data/shuffle_dataset_op.cc:390] Filling up shuffle buffer (this may take a while): 17727 of 25000
2022-08-03 18:53:27.448444: I tensorflow/core/kernels/data/shuffle_dataset_op.cc:415] Shuffle buffer filled.
2022-08-03 18:54:48.212013: I tensorflow/core/kernels/data/shuffle_dataset_op.cc:390] Filling up shuffle buffer (this may take a while): 5000 of 25000
2022-08-03 18:54:48.212125: I tensorflow/core/kernels/data/shuffle_dataset_op.cc:415] Shuffle buffer filled.
78/78 - 120s - loss: 0.0792 - accuracy: 0.9740 - val_loss: 0.1465 - val_accuracy: 0.9529 - lr: 1.0000e-03 - 120s/epoch - 2s/step
Epoch 51/100
2022-08-03 18:55:04.350521: I tensorflow/core/kernels/data/shuffle_dataset_op.cc:390] Filling up shuffle buffer (this may take a while): 5956 of 25000
2022-08-03 18:55:14.337742: I tensorflow/core/kernels/data/shuffle_dataset_op.cc:390] Filling up shuffle buffer (this may take a while): 12432 of 25000
2022-08-03 18:55:23.481333: I tensorflow/core/kernels/data/shuffle_dataset_op.cc:415] Shuffle buffer filled.
2022-08-03 18:56:44.151464: I tensorflow/core/kernels/data/shuffle_dataset_op.cc:390] Filling up shuffle buffer (this may take a while): 4847 of 25000
2022-08-03 18:56:44.583760: I tensorflow/core/kernels/data/shuffle_dataset_op.cc:415] Shuffle buffer filled.
78/78 - 116s - loss: 0.0452 - accuracy: 0.9886 - val_loss: 0.1444 - val_accuracy: 0.9548 - lr: 1.0000e-03 - 116s/epoch - 1s/step
Epoch 52/100
2022-08-03 18:57:00.819589: I tensorflow/core/kernels/data/shuffle_dataset_op.cc:390] Filling up shuffle buffer (this may take a while): 5074 of 25000
2022-08-03 18:57:10.800913: I tensorflow/core/kernels/data/shuffle_dataset_op.cc:390] Filling up shuffle buffer (this may take a while): 13650 of 25000
2022-08-03 18:57:18.350343: I tensorflow/core/kernels/data/shuffle_dataset_op.cc:415] Shuffle buffer filled.
78/78 - 115s - loss: 0.0403 - accuracy: 0.9905 - val_loss: 0.1432 - val_accuracy: 0.9552 - lr: 1.0000e-03 - 115s/epoch - 1s/step
Epoch 53/100
2022-08-03 18:58:55.428778: I tensorflow/core/kernels/data/shuffle_dataset_op.cc:390] Filling up shuffle buffer (this may take a while): 6571 of 25000
2022-08-03 18:59:05.437957: I tensorflow/core/kernels/data/shuffle_dataset_op.cc:390] Filling up shuffle buffer (this may take a while): 11326 of 25000
2022-08-03 18:59:15.360798: I tensorflow/core/kernels/data/shuffle_dataset_op.cc:390] Filling up shuffle buffer (this may take a while): 16392 of 25000
2022-08-03 18:59:22.465117: I tensorflow/core/kernels/data/shuffle_dataset_op.cc:415] Shuffle buffer filled.
2022-08-03 19:00:43.113090: I tensorflow/core/kernels/data/shuffle_dataset_op.cc:390] Filling up shuffle buffer (this may take a while): 4858 of 25000
2022-08-03 19:00:43.442955: I tensorflow/core/kernels/data/shuffle_dataset_op.cc:415] Shuffle buffer filled.
78/78 - 124s - loss: 0.0371 - accuracy: 0.9920 - val_loss: 0.1445 - val_accuracy: 0.9556 - lr: 1.0000e-03 - 124s/epoch - 2s/step
Epoch 54/100
2022-08-03 19:00:59.748068: I tensorflow/core/kernels/data/shuffle_dataset_op.cc:390] Filling up shuffle buffer (this may take a while): 5080 of 25000
2022-08-03 19:01:09.738952: I tensorflow/core/kernels/data/shuffle_dataset_op.cc:390] Filling up shuffle buffer (this may take a while): 10681 of 25000
2022-08-03 19:01:19.737060: I tensorflow/core/kernels/data/shuffle_dataset_op.cc:390] Filling up shuffle buffer (this may take a while): 15644 of 25000
2022-08-03 19:01:27.488172: I tensorflow/core/kernels/data/shuffle_dataset_op.cc:415] Shuffle buffer filled.
78/78 - 123s - loss: 0.0346 - accuracy: 0.9927 - val_loss: 0.1503 - val_accuracy: 0.9556 - lr: 1.0000e-03 - 123s/epoch - 2s/step
Saving model to  cat-or-dog-VGG16_model-reuse.h5
